<?xml version="1.0" encoding="UTF-8"?>
<testsuite name="ua.stepess.crypto.cypher.HeysCipherTest" tests="1" skipped="0" failures="0" errors="0" timestamp="2020-02-23T19:02:06" hostname="stepan-X556UQ" time="0.016">
  <properties/>
  <testcase name="shouldPartitionBlock()" classname="ua.stepess.crypto.cypher.HeysCipherTest" time="0.016"/>
  <system-out><![CDATA[]]></system-out>
  <system-err><![CDATA[]]></system-err>
</testsuite>
